<?xml version="1.0" encoding="UTF-8"?>
<!-- Generated by org.testng.reporters.JUnitReportReporter -->
<testsuite hostname="Aayush-PC" failures="0" tests="20" name="com.newtours.tests.BookFlightTest" time="47.981" errors="0" timestamp="01 Jun 2020 21:27:48 GMT" skipped="0">
  <testcase classname="com.newtours.tests.BookFlightTest" name="registrationConfirmationPage" time="0.515"/>
  <testcase classname="com.newtours.tests.BookFlightTest" name="findFlightPage" time="2.308"/>
  <testcase classname="com.newtours.tests.BookFlightTest" name="findFlightPage" time="2.644"/>
  <testcase classname="com.newtours.tests.BookFlightTest" name="findFlightPage" time="2.231"/>
  <testcase classname="com.newtours.tests.BookFlightTest" name="registrationConfirmationPage" time="0.522"/>
  <testcase classname="com.newtours.tests.BookFlightTest" name="flightDetailsPage" time="1.093"/>
  <testcase classname="com.newtours.tests.BookFlightTest" name="flightConfirmationPage" time="5.263"/>
  <testcase classname="com.newtours.tests.BookFlightTest" name="flightConfirmationPage" time="4.730"/>
  <testcase classname="com.newtours.tests.BookFlightTest" name="registrationPage" time="2.650"/>
  <testcase classname="com.newtours.tests.BookFlightTest" name="flightConfirmationPage" time="4.520"/>
  <testcase classname="com.newtours.tests.BookFlightTest" name="flightDetailsPage" time="1.123"/>
  <testcase classname="com.newtours.tests.BookFlightTest" name="flightDetailsPage" time="1.037"/>
  <testcase classname="com.newtours.tests.BookFlightTest" name="registrationPage" time="2.633"/>
  <testcase classname="com.newtours.tests.BookFlightTest" name="findFlightPage" time="2.408"/>
  <testcase classname="com.newtours.tests.BookFlightTest" name="flightConfirmationPage" time="6.737"/>
  <testcase classname="com.newtours.tests.BookFlightTest" name="registrationConfirmationPage" time="0.522"/>
  <testcase classname="com.newtours.tests.BookFlightTest" name="flightDetailsPage" time="1.288"/>
  <testcase classname="com.newtours.tests.BookFlightTest" name="registrationConfirmationPage" time="0.512"/>
  <testcase classname="com.newtours.tests.BookFlightTest" name="registrationPage" time="2.637"/>
  <testcase classname="com.newtours.tests.BookFlightTest" name="registrationPage" time="2.608"/>
</testsuite> <!-- com.newtours.tests.BookFlightTest -->
